Reading netlist file: "C:\Gowin\workspace\lab4\impl\gwsynthesis\lab4.vg"
Parsing netlist file "C:\Gowin\workspace\lab4\impl\gwsynthesis\lab4.vg" completed
Processing netlist completed
Reading constraint file: "C:\Gowin\workspace\lab4\src\lect.cst"
Physical Constraint parsed completed
Running placement......
[10%] Placement Phase 0 completed
[20%] Placement Phase 1 completed
[30%] Placement Phase 2 completed
WARN  (TA1132) :  'iclk' was determined to be a clock but was not created.
WARN  (TA1132) :  'tck_pad_i' was determined to be a clock but was not created.
[50%] Placement Phase 3 completed
Running routing......
[60%] Routing Phase 0 completed
[70%] Routing Phase 1 completed
[80%] Routing Phase 2 completed
[90%] Routing Phase 3 completed
Running timing analysis......
[95%] Timing analysis completed
Placement and routing completed
Bitstream generation in progress......
Bitstream generation completed
Running power analysis......
[100%] Power analysis completed
Generate file "C:\Gowin\workspace\lab4\impl\pnr\lab4.power.html" completed
Generate file "C:\Gowin\workspace\lab4\impl\pnr\lab4.pin.html" completed
Generate file "C:\Gowin\workspace\lab4\impl\pnr\lab4.rpt.html" completed
Generate file "C:\Gowin\workspace\lab4\impl\pnr\lab4.rpt.txt" completed
Generate file "C:\Gowin\workspace\lab4\impl\pnr\lab4.tr.html" completed
Wed Oct 22 20:00:03 2025

