Reading netlist file: "C:\Gowin\workspace\lab5\impl\gwsynthesis\lab5.vg"
Parsing netlist file "C:\Gowin\workspace\lab5\impl\gwsynthesis\lab5.vg" completed
Processing netlist completed
Reading constraint file: "C:\Gowin\workspace\lab5\src\lab5.cst"
Physical Constraint parsed completed
Running placement......
[10%] Placement Phase 0 completed
[20%] Placement Phase 1 completed
[30%] Placement Phase 2 completed
WARN  (TA1132) :  'iclk' was determined to be a clock but was not created.
WARN  (TA1132) :  'tck_pad_i' was determined to be a clock but was not created.
WARN  (TA1132) :  'clk' was determined to be a clock but was not created.
[50%] Placement Phase 3 completed
Running routing......
[60%] Routing Phase 0 completed
[70%] Routing Phase 1 completed
[80%] Routing Phase 2 completed
[90%] Routing Phase 3 completed
Running timing analysis......
[95%] Timing analysis completed
Placement and routing completed
Bitstream generation in progress......
Bitstream generation completed
Running power analysis......
[100%] Power analysis completed
Generate file "C:\Gowin\workspace\lab5\impl\pnr\lab5.power.html" completed
Generate file "C:\Gowin\workspace\lab5\impl\pnr\lab5.pin.html" completed
Generate file "C:\Gowin\workspace\lab5\impl\pnr\lab5.rpt.html" completed
Generate file "C:\Gowin\workspace\lab5\impl\pnr\lab5.rpt.txt" completed
Generate file "C:\Gowin\workspace\lab5\impl\pnr\lab5.tr.html" completed
Tue Nov 25 16:15:46 2025

